{
    "tests": [
        {
            "score": 0,
            "max_score": 10,
            "name": "test_quicksort.py::test_1_medianOfThree[load-tests]",
            "output": "\ngroup_name = 'load-tests'\n\n    def new_func(group_name):\n        group_stat = group_stats[group_name]\n        if not group_stat['passed']:\n>           assert group_stat['observed'] == group_stat['expected']\nE           assert 'Traceback (most recent call last):\\n  File \"/Users/amberwoll/opt/miniconda3/lib/python3.9/site-packages/byu_pytest_utils/dialog.py\", line 59, in dialog_exec\\n    executable = executable()\\n  File \"/Users/amberwoll/Documents/GitHub/cs235-assignments/Unit03-Sorting/homework3d-quicksort/test_quicksort.py\", line 9, in quicksort_bin\\n    return compile_cpp(\\'tests.cpp\\', output_exec=\\'tests\\')\\n  File \"/Users/amberwoll/opt/miniconda3/lib/python3.9/site-packages/byu_pytest_utils/cpp_utils.py\", line 12, in compile_cpp\\n    raise Exception(f\\'\"{command}\" failed:\\\\n{proc.stdout}\\')\\nException: \"g++ -Wall -std=c++17 -o tests tests.cpp\" failed:\\nIn file included from tests.cpp:6:\\n./QS.h:31:29: error: use of undeclared identifier \\'switch_point\\'\\n        } while (array[i] < switch_point);\\n                            ^\\n./QS.h:35:29: error: use of undeclared identifier \\'switch_point\\'\\n        } while (array[j] > switch_point);\\n                            ^\\n./QS.h:24:7: warning: unused variable \\'pivotValue\\' [-Wunused-variable]\\n    T pivotValue = array[pivotIndex];\\n      ^\\ntests.cpp:33:17: note: in instantiation of function template specialization \\'partition<int>\\' requested here\\n    int index = partition(array, left, right);\\n                ^\\ntests.cpp:71:5: note: in instantiation of function template specialization \\'noisy_partition<int>\\' requested here\\n    noisy_partition(array, 0, 4);\\n    ^\\n1 warning and 2 errors generated.\\n\\n' == ''\nE             + Traceback (most recent call last):\nE             +   File \"/Users/amberwoll/opt/miniconda3/lib/python3.9/site-packages/byu_pytest_utils/dialog.py\", line 59, in dialog_exec\nE             +     executable = executable()\nE             +   File \"/Users/amberwoll/Documents/GitHub/cs235-assignments/Unit03-Sorting/homework3d-quicksort/test_quicksort.py\", line 9, in quicksort_bin\nE             +     return compile_cpp('tests.cpp', output_exec='tests')\nE             +   File \"/Users/amberwoll/opt/miniconda3/lib/python3.9/site-packages/byu_pytest_utils/cpp_utils.py\", line 12, in compile_cpp\nE             +     raise Exception(f'\"{command}\" failed:\\n{proc.stdout}')\nE             + Exception: \"g++ -Wall -std=c++17 -o tests tests.cpp\" failed:\nE             + In file included from tests.cpp:6:\nE             + ./QS.h:31:29: error: use of undeclared identifier 'switch_point'\nE             +         } while (array[i] < switch_point);\nE             +                             ^\nE             + ./QS.h:35:29: error: use of undeclared identifier 'switch_point'\nE             +         } while (array[j] > switch_point);\nE             +                             ^\nE             + ./QS.h:24:7: warning: unused variable 'pivotValue' [-Wunused-variable]\nE             +     T pivotValue = array[pivotIndex];\nE             +       ^\nE             + tests.cpp:33:17: note: in instantiation of function template specialization 'partition<int>' requested here\nE             +     int index = partition(array, left, right);\nE             +                 ^\nE             + tests.cpp:71:5: note: in instantiation of function template specialization 'noisy_partition<int>' requested here\nE             +     noisy_partition(array, 0, 4);\nE             +     ^\nE             + 1 warning and 2 errors generated.\nE             +\n\n../../../../../opt/miniconda3/lib/python3.9/site-packages/byu_pytest_utils/dialog.py:31: AssertionError",
            "visibility": "visible"
        },
        {
            "score": 0,
            "max_score": 15,
            "name": "test_quicksort.py::test_2_partition_already_sorted[load-tests]",
            "output": "\ngroup_name = 'load-tests'\n\n    def new_func(group_name):\n        group_stat = group_stats[group_name]\n        if not group_stat['passed']:\n>           assert group_stat['observed'] == group_stat['expected']\nE           assert 'Traceback (most recent call last):\\n  File \"/Users/amberwoll/opt/miniconda3/lib/python3.9/site-packages/byu_pytest_utils/dialog.py\", line 59, in dialog_exec\\n    executable = executable()\\n  File \"/Users/amberwoll/Documents/GitHub/cs235-assignments/Unit03-Sorting/homework3d-quicksort/test_quicksort.py\", line 9, in quicksort_bin\\n    return compile_cpp(\\'tests.cpp\\', output_exec=\\'tests\\')\\n  File \"/Users/amberwoll/opt/miniconda3/lib/python3.9/site-packages/byu_pytest_utils/cpp_utils.py\", line 12, in compile_cpp\\n    raise Exception(f\\'\"{command}\" failed:\\\\n{proc.stdout}\\')\\nException: \"g++ -Wall -std=c++17 -o tests tests.cpp\" failed:\\nIn file included from tests.cpp:6:\\n./QS.h:31:29: error: use of undeclared identifier \\'switch_point\\'\\n        } while (array[i] < switch_point);\\n                            ^\\n./QS.h:35:29: error: use of undeclared identifier \\'switch_point\\'\\n        } while (array[j] > switch_point);\\n                            ^\\n./QS.h:24:7: warning: unused variable \\'pivotValue\\' [-Wunused-variable]\\n    T pivotValue = array[pivotIndex];\\n      ^\\ntests.cpp:33:17: note: in instantiation of function template specialization \\'partition<int>\\' requested here\\n    int index = partition(array, left, right);\\n                ^\\ntests.cpp:71:5: note: in instantiation of function template specialization \\'noisy_partition<int>\\' requested here\\n    noisy_partition(array, 0, 4);\\n    ^\\n1 warning and 2 errors generated.\\n\\n' == ''\nE             + Traceback (most recent call last):\nE             +   File \"/Users/amberwoll/opt/miniconda3/lib/python3.9/site-packages/byu_pytest_utils/dialog.py\", line 59, in dialog_exec\nE             +     executable = executable()\nE             +   File \"/Users/amberwoll/Documents/GitHub/cs235-assignments/Unit03-Sorting/homework3d-quicksort/test_quicksort.py\", line 9, in quicksort_bin\nE             +     return compile_cpp('tests.cpp', output_exec='tests')\nE             +   File \"/Users/amberwoll/opt/miniconda3/lib/python3.9/site-packages/byu_pytest_utils/cpp_utils.py\", line 12, in compile_cpp\nE             +     raise Exception(f'\"{command}\" failed:\\n{proc.stdout}')\nE             + Exception: \"g++ -Wall -std=c++17 -o tests tests.cpp\" failed:\nE             + In file included from tests.cpp:6:\nE             + ./QS.h:31:29: error: use of undeclared identifier 'switch_point'\nE             +         } while (array[i] < switch_point);\nE             +                             ^\nE             + ./QS.h:35:29: error: use of undeclared identifier 'switch_point'\nE             +         } while (array[j] > switch_point);\nE             +                             ^\nE             + ./QS.h:24:7: warning: unused variable 'pivotValue' [-Wunused-variable]\nE             +     T pivotValue = array[pivotIndex];\nE             +       ^\nE             + tests.cpp:33:17: note: in instantiation of function template specialization 'partition<int>' requested here\nE             +     int index = partition(array, left, right);\nE             +                 ^\nE             + tests.cpp:71:5: note: in instantiation of function template specialization 'noisy_partition<int>' requested here\nE             +     noisy_partition(array, 0, 4);\nE             +     ^\nE             + 1 warning and 2 errors generated.\nE             +\n\n../../../../../opt/miniconda3/lib/python3.9/site-packages/byu_pytest_utils/dialog.py:31: AssertionError",
            "visibility": "visible"
        },
        {
            "score": 0,
            "max_score": 15,
            "name": "test_quicksort.py::test_3_partition_reversed[load-tests]",
            "output": "\ngroup_name = 'load-tests'\n\n    def new_func(group_name):\n        group_stat = group_stats[group_name]\n        if not group_stat['passed']:\n>           assert group_stat['observed'] == group_stat['expected']\nE           assert 'Traceback (most recent call last):\\n  File \"/Users/amberwoll/opt/miniconda3/lib/python3.9/site-packages/byu_pytest_utils/dialog.py\", line 59, in dialog_exec\\n    executable = executable()\\n  File \"/Users/amberwoll/Documents/GitHub/cs235-assignments/Unit03-Sorting/homework3d-quicksort/test_quicksort.py\", line 9, in quicksort_bin\\n    return compile_cpp(\\'tests.cpp\\', output_exec=\\'tests\\')\\n  File \"/Users/amberwoll/opt/miniconda3/lib/python3.9/site-packages/byu_pytest_utils/cpp_utils.py\", line 12, in compile_cpp\\n    raise Exception(f\\'\"{command}\" failed:\\\\n{proc.stdout}\\')\\nException: \"g++ -Wall -std=c++17 -o tests tests.cpp\" failed:\\nIn file included from tests.cpp:6:\\n./QS.h:31:29: error: use of undeclared identifier \\'switch_point\\'\\n        } while (array[i] < switch_point);\\n                            ^\\n./QS.h:35:29: error: use of undeclared identifier \\'switch_point\\'\\n        } while (array[j] > switch_point);\\n                            ^\\n./QS.h:24:7: warning: unused variable \\'pivotValue\\' [-Wunused-variable]\\n    T pivotValue = array[pivotIndex];\\n      ^\\ntests.cpp:33:17: note: in instantiation of function template specialization \\'partition<int>\\' requested here\\n    int index = partition(array, left, right);\\n                ^\\ntests.cpp:71:5: note: in instantiation of function template specialization \\'noisy_partition<int>\\' requested here\\n    noisy_partition(array, 0, 4);\\n    ^\\n1 warning and 2 errors generated.\\n\\n' == ''\nE             + Traceback (most recent call last):\nE             +   File \"/Users/amberwoll/opt/miniconda3/lib/python3.9/site-packages/byu_pytest_utils/dialog.py\", line 59, in dialog_exec\nE             +     executable = executable()\nE             +   File \"/Users/amberwoll/Documents/GitHub/cs235-assignments/Unit03-Sorting/homework3d-quicksort/test_quicksort.py\", line 9, in quicksort_bin\nE             +     return compile_cpp('tests.cpp', output_exec='tests')\nE             +   File \"/Users/amberwoll/opt/miniconda3/lib/python3.9/site-packages/byu_pytest_utils/cpp_utils.py\", line 12, in compile_cpp\nE             +     raise Exception(f'\"{command}\" failed:\\n{proc.stdout}')\nE             + Exception: \"g++ -Wall -std=c++17 -o tests tests.cpp\" failed:\nE             + In file included from tests.cpp:6:\nE             + ./QS.h:31:29: error: use of undeclared identifier 'switch_point'\nE             +         } while (array[i] < switch_point);\nE             +                             ^\nE             + ./QS.h:35:29: error: use of undeclared identifier 'switch_point'\nE             +         } while (array[j] > switch_point);\nE             +                             ^\nE             + ./QS.h:24:7: warning: unused variable 'pivotValue' [-Wunused-variable]\nE             +     T pivotValue = array[pivotIndex];\nE             +       ^\nE             + tests.cpp:33:17: note: in instantiation of function template specialization 'partition<int>' requested here\nE             +     int index = partition(array, left, right);\nE             +                 ^\nE             + tests.cpp:71:5: note: in instantiation of function template specialization 'noisy_partition<int>' requested here\nE             +     noisy_partition(array, 0, 4);\nE             +     ^\nE             + 1 warning and 2 errors generated.\nE             +\n\n../../../../../opt/miniconda3/lib/python3.9/site-packages/byu_pytest_utils/dialog.py:31: AssertionError",
            "visibility": "visible"
        },
        {
            "score": 0,
            "max_score": 15,
            "name": "test_quicksort.py::test_4_partition_shuffled[load-tests]",
            "output": "\ngroup_name = 'load-tests'\n\n    def new_func(group_name):\n        group_stat = group_stats[group_name]\n        if not group_stat['passed']:\n>           assert group_stat['observed'] == group_stat['expected']\nE           assert 'Traceback (most recent call last):\\n  File \"/Users/amberwoll/opt/miniconda3/lib/python3.9/site-packages/byu_pytest_utils/dialog.py\", line 59, in dialog_exec\\n    executable = executable()\\n  File \"/Users/amberwoll/Documents/GitHub/cs235-assignments/Unit03-Sorting/homework3d-quicksort/test_quicksort.py\", line 9, in quicksort_bin\\n    return compile_cpp(\\'tests.cpp\\', output_exec=\\'tests\\')\\n  File \"/Users/amberwoll/opt/miniconda3/lib/python3.9/site-packages/byu_pytest_utils/cpp_utils.py\", line 12, in compile_cpp\\n    raise Exception(f\\'\"{command}\" failed:\\\\n{proc.stdout}\\')\\nException: \"g++ -Wall -std=c++17 -o tests tests.cpp\" failed:\\nIn file included from tests.cpp:6:\\n./QS.h:31:29: error: use of undeclared identifier \\'switch_point\\'\\n        } while (array[i] < switch_point);\\n                            ^\\n./QS.h:35:29: error: use of undeclared identifier \\'switch_point\\'\\n        } while (array[j] > switch_point);\\n                            ^\\n./QS.h:24:7: warning: unused variable \\'pivotValue\\' [-Wunused-variable]\\n    T pivotValue = array[pivotIndex];\\n      ^\\ntests.cpp:33:17: note: in instantiation of function template specialization \\'partition<int>\\' requested here\\n    int index = partition(array, left, right);\\n                ^\\ntests.cpp:71:5: note: in instantiation of function template specialization \\'noisy_partition<int>\\' requested here\\n    noisy_partition(array, 0, 4);\\n    ^\\n1 warning and 2 errors generated.\\n\\n' == ''\nE             + Traceback (most recent call last):\nE             +   File \"/Users/amberwoll/opt/miniconda3/lib/python3.9/site-packages/byu_pytest_utils/dialog.py\", line 59, in dialog_exec\nE             +     executable = executable()\nE             +   File \"/Users/amberwoll/Documents/GitHub/cs235-assignments/Unit03-Sorting/homework3d-quicksort/test_quicksort.py\", line 9, in quicksort_bin\nE             +     return compile_cpp('tests.cpp', output_exec='tests')\nE             +   File \"/Users/amberwoll/opt/miniconda3/lib/python3.9/site-packages/byu_pytest_utils/cpp_utils.py\", line 12, in compile_cpp\nE             +     raise Exception(f'\"{command}\" failed:\\n{proc.stdout}')\nE             + Exception: \"g++ -Wall -std=c++17 -o tests tests.cpp\" failed:\nE             + In file included from tests.cpp:6:\nE             + ./QS.h:31:29: error: use of undeclared identifier 'switch_point'\nE             +         } while (array[i] < switch_point);\nE             +                             ^\nE             + ./QS.h:35:29: error: use of undeclared identifier 'switch_point'\nE             +         } while (array[j] > switch_point);\nE             +                             ^\nE             + ./QS.h:24:7: warning: unused variable 'pivotValue' [-Wunused-variable]\nE             +     T pivotValue = array[pivotIndex];\nE             +       ^\nE             + tests.cpp:33:17: note: in instantiation of function template specialization 'partition<int>' requested here\nE             +     int index = partition(array, left, right);\nE             +                 ^\nE             + tests.cpp:71:5: note: in instantiation of function template specialization 'noisy_partition<int>' requested here\nE             +     noisy_partition(array, 0, 4);\nE             +     ^\nE             + 1 warning and 2 errors generated.\nE             +\n\n../../../../../opt/miniconda3/lib/python3.9/site-packages/byu_pytest_utils/dialog.py:31: AssertionError",
            "visibility": "visible"
        },
        {
            "score": 0,
            "max_score": 15,
            "name": "test_quicksort.py::test_5_sort_already_sorted[load-tests]",
            "output": "\ngroup_name = 'load-tests'\n\n    def new_func(group_name):\n        group_stat = group_stats[group_name]\n        if not group_stat['passed']:\n>           assert group_stat['observed'] == group_stat['expected']\nE           assert 'Traceback (most recent call last):\\n  File \"/Users/amberwoll/opt/miniconda3/lib/python3.9/site-packages/byu_pytest_utils/dialog.py\", line 59, in dialog_exec\\n    executable = executable()\\n  File \"/Users/amberwoll/Documents/GitHub/cs235-assignments/Unit03-Sorting/homework3d-quicksort/test_quicksort.py\", line 9, in quicksort_bin\\n    return compile_cpp(\\'tests.cpp\\', output_exec=\\'tests\\')\\n  File \"/Users/amberwoll/opt/miniconda3/lib/python3.9/site-packages/byu_pytest_utils/cpp_utils.py\", line 12, in compile_cpp\\n    raise Exception(f\\'\"{command}\" failed:\\\\n{proc.stdout}\\')\\nException: \"g++ -Wall -std=c++17 -o tests tests.cpp\" failed:\\nIn file included from tests.cpp:6:\\n./QS.h:31:29: error: use of undeclared identifier \\'switch_point\\'\\n        } while (array[i] < switch_point);\\n                            ^\\n./QS.h:35:29: error: use of undeclared identifier \\'switch_point\\'\\n        } while (array[j] > switch_point);\\n                            ^\\n./QS.h:24:7: warning: unused variable \\'pivotValue\\' [-Wunused-variable]\\n    T pivotValue = array[pivotIndex];\\n      ^\\ntests.cpp:33:17: note: in instantiation of function template specialization \\'partition<int>\\' requested here\\n    int index = partition(array, left, right);\\n                ^\\ntests.cpp:71:5: note: in instantiation of function template specialization \\'noisy_partition<int>\\' requested here\\n    noisy_partition(array, 0, 4);\\n    ^\\n1 warning and 2 errors generated.\\n\\n' == ''\nE             + Traceback (most recent call last):\nE             +   File \"/Users/amberwoll/opt/miniconda3/lib/python3.9/site-packages/byu_pytest_utils/dialog.py\", line 59, in dialog_exec\nE             +     executable = executable()\nE             +   File \"/Users/amberwoll/Documents/GitHub/cs235-assignments/Unit03-Sorting/homework3d-quicksort/test_quicksort.py\", line 9, in quicksort_bin\nE             +     return compile_cpp('tests.cpp', output_exec='tests')\nE             +   File \"/Users/amberwoll/opt/miniconda3/lib/python3.9/site-packages/byu_pytest_utils/cpp_utils.py\", line 12, in compile_cpp\nE             +     raise Exception(f'\"{command}\" failed:\\n{proc.stdout}')\nE             + Exception: \"g++ -Wall -std=c++17 -o tests tests.cpp\" failed:\nE             + In file included from tests.cpp:6:\nE             + ./QS.h:31:29: error: use of undeclared identifier 'switch_point'\nE             +         } while (array[i] < switch_point);\nE             +                             ^\nE             + ./QS.h:35:29: error: use of undeclared identifier 'switch_point'\nE             +         } while (array[j] > switch_point);\nE             +                             ^\nE             + ./QS.h:24:7: warning: unused variable 'pivotValue' [-Wunused-variable]\nE             +     T pivotValue = array[pivotIndex];\nE             +       ^\nE             + tests.cpp:33:17: note: in instantiation of function template specialization 'partition<int>' requested here\nE             +     int index = partition(array, left, right);\nE             +                 ^\nE             + tests.cpp:71:5: note: in instantiation of function template specialization 'noisy_partition<int>' requested here\nE             +     noisy_partition(array, 0, 4);\nE             +     ^\nE             + 1 warning and 2 errors generated.\nE             +\n\n../../../../../opt/miniconda3/lib/python3.9/site-packages/byu_pytest_utils/dialog.py:31: AssertionError",
            "visibility": "visible"
        },
        {
            "score": 0,
            "max_score": 15,
            "name": "test_quicksort.py::test_6_sort_reversed[load-tests]",
            "output": "\ngroup_name = 'load-tests'\n\n    def new_func(group_name):\n        group_stat = group_stats[group_name]\n        if not group_stat['passed']:\n>           assert group_stat['observed'] == group_stat['expected']\nE           assert 'Traceback (most recent call last):\\n  File \"/Users/amberwoll/opt/miniconda3/lib/python3.9/site-packages/byu_pytest_utils/dialog.py\", line 59, in dialog_exec\\n    executable = executable()\\n  File \"/Users/amberwoll/Documents/GitHub/cs235-assignments/Unit03-Sorting/homework3d-quicksort/test_quicksort.py\", line 9, in quicksort_bin\\n    return compile_cpp(\\'tests.cpp\\', output_exec=\\'tests\\')\\n  File \"/Users/amberwoll/opt/miniconda3/lib/python3.9/site-packages/byu_pytest_utils/cpp_utils.py\", line 12, in compile_cpp\\n    raise Exception(f\\'\"{command}\" failed:\\\\n{proc.stdout}\\')\\nException: \"g++ -Wall -std=c++17 -o tests tests.cpp\" failed:\\nIn file included from tests.cpp:6:\\n./QS.h:31:29: error: use of undeclared identifier \\'switch_point\\'\\n        } while (array[i] < switch_point);\\n                            ^\\n./QS.h:35:29: error: use of undeclared identifier \\'switch_point\\'\\n        } while (array[j] > switch_point);\\n                            ^\\n./QS.h:24:7: warning: unused variable \\'pivotValue\\' [-Wunused-variable]\\n    T pivotValue = array[pivotIndex];\\n      ^\\ntests.cpp:33:17: note: in instantiation of function template specialization \\'partition<int>\\' requested here\\n    int index = partition(array, left, right);\\n                ^\\ntests.cpp:71:5: note: in instantiation of function template specialization \\'noisy_partition<int>\\' requested here\\n    noisy_partition(array, 0, 4);\\n    ^\\n1 warning and 2 errors generated.\\n\\n' == ''\nE             + Traceback (most recent call last):\nE             +   File \"/Users/amberwoll/opt/miniconda3/lib/python3.9/site-packages/byu_pytest_utils/dialog.py\", line 59, in dialog_exec\nE             +     executable = executable()\nE             +   File \"/Users/amberwoll/Documents/GitHub/cs235-assignments/Unit03-Sorting/homework3d-quicksort/test_quicksort.py\", line 9, in quicksort_bin\nE             +     return compile_cpp('tests.cpp', output_exec='tests')\nE             +   File \"/Users/amberwoll/opt/miniconda3/lib/python3.9/site-packages/byu_pytest_utils/cpp_utils.py\", line 12, in compile_cpp\nE             +     raise Exception(f'\"{command}\" failed:\\n{proc.stdout}')\nE             + Exception: \"g++ -Wall -std=c++17 -o tests tests.cpp\" failed:\nE             + In file included from tests.cpp:6:\nE             + ./QS.h:31:29: error: use of undeclared identifier 'switch_point'\nE             +         } while (array[i] < switch_point);\nE             +                             ^\nE             + ./QS.h:35:29: error: use of undeclared identifier 'switch_point'\nE             +         } while (array[j] > switch_point);\nE             +                             ^\nE             + ./QS.h:24:7: warning: unused variable 'pivotValue' [-Wunused-variable]\nE             +     T pivotValue = array[pivotIndex];\nE             +       ^\nE             + tests.cpp:33:17: note: in instantiation of function template specialization 'partition<int>' requested here\nE             +     int index = partition(array, left, right);\nE             +                 ^\nE             + tests.cpp:71:5: note: in instantiation of function template specialization 'noisy_partition<int>' requested here\nE             +     noisy_partition(array, 0, 4);\nE             +     ^\nE             + 1 warning and 2 errors generated.\nE             +\n\n../../../../../opt/miniconda3/lib/python3.9/site-packages/byu_pytest_utils/dialog.py:31: AssertionError",
            "visibility": "visible"
        },
        {
            "score": 0,
            "max_score": 15,
            "name": "test_quicksort.py::test_7_sort_shuffled[load-tests]",
            "output": "\ngroup_name = 'load-tests'\n\n    def new_func(group_name):\n        group_stat = group_stats[group_name]\n        if not group_stat['passed']:\n>           assert group_stat['observed'] == group_stat['expected']\nE           assert 'Traceback (most recent call last):\\n  File \"/Users/amberwoll/opt/miniconda3/lib/python3.9/site-packages/byu_pytest_utils/dialog.py\", line 59, in dialog_exec\\n    executable = executable()\\n  File \"/Users/amberwoll/Documents/GitHub/cs235-assignments/Unit03-Sorting/homework3d-quicksort/test_quicksort.py\", line 9, in quicksort_bin\\n    return compile_cpp(\\'tests.cpp\\', output_exec=\\'tests\\')\\n  File \"/Users/amberwoll/opt/miniconda3/lib/python3.9/site-packages/byu_pytest_utils/cpp_utils.py\", line 12, in compile_cpp\\n    raise Exception(f\\'\"{command}\" failed:\\\\n{proc.stdout}\\')\\nException: \"g++ -Wall -std=c++17 -o tests tests.cpp\" failed:\\nIn file included from tests.cpp:6:\\n./QS.h:31:29: error: use of undeclared identifier \\'switch_point\\'\\n        } while (array[i] < switch_point);\\n                            ^\\n./QS.h:35:29: error: use of undeclared identifier \\'switch_point\\'\\n        } while (array[j] > switch_point);\\n                            ^\\n./QS.h:24:7: warning: unused variable \\'pivotValue\\' [-Wunused-variable]\\n    T pivotValue = array[pivotIndex];\\n      ^\\ntests.cpp:33:17: note: in instantiation of function template specialization \\'partition<int>\\' requested here\\n    int index = partition(array, left, right);\\n                ^\\ntests.cpp:71:5: note: in instantiation of function template specialization \\'noisy_partition<int>\\' requested here\\n    noisy_partition(array, 0, 4);\\n    ^\\n1 warning and 2 errors generated.\\n\\n' == ''\nE             + Traceback (most recent call last):\nE             +   File \"/Users/amberwoll/opt/miniconda3/lib/python3.9/site-packages/byu_pytest_utils/dialog.py\", line 59, in dialog_exec\nE             +     executable = executable()\nE             +   File \"/Users/amberwoll/Documents/GitHub/cs235-assignments/Unit03-Sorting/homework3d-quicksort/test_quicksort.py\", line 9, in quicksort_bin\nE             +     return compile_cpp('tests.cpp', output_exec='tests')\nE             +   File \"/Users/amberwoll/opt/miniconda3/lib/python3.9/site-packages/byu_pytest_utils/cpp_utils.py\", line 12, in compile_cpp\nE             +     raise Exception(f'\"{command}\" failed:\\n{proc.stdout}')\nE             + Exception: \"g++ -Wall -std=c++17 -o tests tests.cpp\" failed:\nE             + In file included from tests.cpp:6:\nE             + ./QS.h:31:29: error: use of undeclared identifier 'switch_point'\nE             +         } while (array[i] < switch_point);\nE             +                             ^\nE             + ./QS.h:35:29: error: use of undeclared identifier 'switch_point'\nE             +         } while (array[j] > switch_point);\nE             +                             ^\nE             + ./QS.h:24:7: warning: unused variable 'pivotValue' [-Wunused-variable]\nE             +     T pivotValue = array[pivotIndex];\nE             +       ^\nE             + tests.cpp:33:17: note: in instantiation of function template specialization 'partition<int>' requested here\nE             +     int index = partition(array, left, right);\nE             +                 ^\nE             + tests.cpp:71:5: note: in instantiation of function template specialization 'noisy_partition<int>' requested here\nE             +     noisy_partition(array, 0, 4);\nE             +     ^\nE             + 1 warning and 2 errors generated.\nE             +\n\n../../../../../opt/miniconda3/lib/python3.9/site-packages/byu_pytest_utils/dialog.py:31: AssertionError",
            "visibility": "visible"
        }
    ]
}